[[1;34mINFO[m] Scanning for projects...
[[1;33mWARNING[m] 
[[1;33mWARNING[m] Some problems were encountered while building the effective model for org.apache.flink:flink-parquet_2.11:jar:1.10-SNAPSHOT
[[1;33mWARNING[m] 'artifactId' contains an expression but should be a constant. @ org.apache.flink:flink-parquet_${scala.binary.version}:1.10-SNAPSHOT, /home/carol/Desktop/benchmark/bugs-dot-jar/flink/flink-formats/flink-parquet/pom.xml, line 32, column 14
[[1;33mWARNING[m] 
[[1;33mWARNING[m] Some problems were encountered while building the effective model for org.apache.flink:flink-orc_2.11:jar:1.10-SNAPSHOT
[[1;33mWARNING[m] 'artifactId' contains an expression but should be a constant. @ org.apache.flink:flink-orc_${scala.binary.version}:1.10-SNAPSHOT, /home/carol/Desktop/benchmark/bugs-dot-jar/flink/flink-formats/flink-orc/pom.xml, line 32, column 14
[[1;33mWARNING[m] 
[[1;33mWARNING[m] It is highly recommended to fix these problems because they threaten the stability of your build.
[[1;33mWARNING[m] 
[[1;33mWARNING[m] For this reason, future Maven versions might no longer support building such malformed projects.
[[1;33mWARNING[m] 
[[1;34mINFO[m] [1m------------------------------------------------------------------------[m
[[1;34mINFO[m] [1mReactor Build Order:[m
[[1;34mINFO[m] 
[[1;34mINFO[m] flink-formats                                                      [pom]
[[1;34mINFO[m] flink-orc                                                          [jar]
[[1;34mINFO[m] 
[[1;34mINFO[m] [1m-------------------< [0;36morg.apache.flink:flink-formats[0;1m >-------------------[m
[[1;34mINFO[m] [1mBuilding flink-formats 1.10-SNAPSHOT                               [1/2][m
[[1;34mINFO[m] [1m--------------------------------[ pom ]---------------------------------[m
[[1;34mINFO[m] 
[[1;34mINFO[m] [1m--- [0;32mmaven-checkstyle-plugin:2.17:check[m [1m(validate)[m @ [36mflink-formats[0;1m ---[m
[[1;34mINFO[m] 
[[1;34mINFO[m] [1m--- [0;32mmaven-enforcer-plugin:3.0.0-M1:enforce[m [1m(enforce-maven-version)[m @ [36mflink-formats[0;1m ---[m
[[1;34mINFO[m] 
[[1;34mINFO[m] [1m--- [0;32mmaven-enforcer-plugin:3.0.0-M1:enforce[m [1m(enforce-maven)[m @ [36mflink-formats[0;1m ---[m
[[1;34mINFO[m] 
[[1;34mINFO[m] [1m--- [0;32mmaven-enforcer-plugin:3.0.0-M1:enforce[m [1m(enforce-versions)[m @ [36mflink-formats[0;1m ---[m
[[1;34mINFO[m] 
[[1;34mINFO[m] [1m--- [0;32mdirectory-maven-plugin:0.1:highest-basedir[m [1m(directories)[m @ [36mflink-formats[0;1m ---[m
[[1;34mINFO[m] Highest basedir set to: /home/carol/Desktop/benchmark/bugs-dot-jar/flink
[[1;34mINFO[m] 
[[1;34mINFO[m] [1m--- [0;32mmaven-remote-resources-plugin:1.5:process[m [1m(process-resource-bundles)[m @ [36mflink-formats[0;1m ---[m
[[1;34mINFO[m] 
[[1;34mINFO[m] [1m--- [0;32mmaven-surefire-plugin:2.22.1:test[m [1m(default-test)[m @ [36mflink-formats[0;1m ---[m
[[1;34mINFO[m] No tests to run.
[[1;34mINFO[m] 
[[1;34mINFO[m] [1m------------------< [0;36morg.apache.flink:flink-orc_2.11[0;1m >-------------------[m
[[1;34mINFO[m] [1mBuilding flink-orc 1.10-SNAPSHOT                                   [2/2][m
[[1;34mINFO[m] [1m--------------------------------[ jar ]---------------------------------[m
[[1;34mINFO[m] 
[[1;34mINFO[m] [1m--- [0;32mmaven-checkstyle-plugin:2.17:check[m [1m(validate)[m @ [36mflink-orc_2.11[0;1m ---[m
[[1;34mINFO[m] 
[[1;34mINFO[m] [1m--- [0;32mmaven-enforcer-plugin:3.0.0-M1:enforce[m [1m(enforce-maven-version)[m @ [36mflink-orc_2.11[0;1m ---[m
[[1;34mINFO[m] 
[[1;34mINFO[m] [1m--- [0;32mmaven-enforcer-plugin:3.0.0-M1:enforce[m [1m(enforce-maven)[m @ [36mflink-orc_2.11[0;1m ---[m
[[1;34mINFO[m] 
[[1;34mINFO[m] [1m--- [0;32mmaven-enforcer-plugin:3.0.0-M1:enforce[m [1m(enforce-versions)[m @ [36mflink-orc_2.11[0;1m ---[m
[[1;34mINFO[m] 
[[1;34mINFO[m] [1m--- [0;32mdirectory-maven-plugin:0.1:highest-basedir[m [1m(directories)[m @ [36mflink-orc_2.11[0;1m ---[m
[[1;34mINFO[m] Highest basedir set to: /home/carol/Desktop/benchmark/bugs-dot-jar/flink
[[1;34mINFO[m] 
[[1;34mINFO[m] [1m--- [0;32mmaven-remote-resources-plugin:1.5:process[m [1m(process-resource-bundles)[m @ [36mflink-orc_2.11[0;1m ---[m
[[1;34mINFO[m] 
[[1;34mINFO[m] [1m--- [0;32mmaven-resources-plugin:3.1.0:resources[m [1m(default-resources)[m @ [36mflink-orc_2.11[0;1m ---[m
[[1;34mINFO[m] Using 'UTF-8' encoding to copy filtered resources.
[[1;34mINFO[m] skip non existing resourceDirectory /home/carol/Desktop/benchmark/bugs-dot-jar/flink/flink-formats/flink-orc/src/main/resources
[[1;34mINFO[m] Copying 3 resources
[[1;34mINFO[m] 
[[1;34mINFO[m] [1m--- [0;32mmaven-compiler-plugin:3.8.0:compile[m [1m(default-compile)[m @ [36mflink-orc_2.11[0;1m ---[m
[[1;34mINFO[m] Nothing to compile - all classes are up to date
[[1;34mINFO[m] 
[[1;34mINFO[m] [1m--- [0;32mmaven-resources-plugin:3.1.0:testResources[m [1m(default-testResources)[m @ [36mflink-orc_2.11[0;1m ---[m
[[1;34mINFO[m] Using 'UTF-8' encoding to copy filtered resources.
[[1;34mINFO[m] Copying 8 resources
[[1;34mINFO[m] Copying 3 resources
[[1;34mINFO[m] 
[[1;34mINFO[m] [1m--- [0;32mmaven-compiler-plugin:3.8.0:testCompile[m [1m(default-testCompile)[m @ [36mflink-orc_2.11[0;1m ---[m
[[1;34mINFO[m] Nothing to compile - all classes are up to date
[[1;34mINFO[m] 
[[1;34mINFO[m] [1m--- [0;32mmaven-surefire-plugin:2.22.1:test[m [1m(default-test)[m @ [36mflink-orc_2.11[0;1m ---[m
[[1;34mINFO[m] 
[[1;34mINFO[m] -------------------------------------------------------
[[1;34mINFO[m]  T E S T S
[[1;34mINFO[m] -------------------------------------------------------
[[1;34mINFO[m] Running org.apache.flink.orc.[1mOrcSplitReaderUtilTest[m
[[1;34mINFO[m] Running org.apache.flink.orc.[1mOrcBatchReaderTest[m
[[1;34mINFO[m] Running org.apache.flink.orc.[1mOrcRowInputFormatTest[m
[[1;34mINFO[m] Running org.apache.flink.orc.[1mOrcTableSourceTest[m
[[1;34mINFO[m] [1;32mTests run: [0;1;32m2[m, Failures: 0, Errors: 0, Skipped: 0, Time elapsed: 0.213 s - in org.apache.flink.orc.[1mOrcBatchReaderTest[m
[[1;34mINFO[m] [1;32mTests run: [0;1;32m1[m, Failures: 0, Errors: 0, Skipped: 0, Time elapsed: 0.178 s - in org.apache.flink.orc.[1mOrcSplitReaderUtilTest[m
[[1;34mINFO[m] Running org.apache.flink.orc.[1mOrcColumnarRowSplitReaderTest[m
[[1;34mINFO[m] [1;32mTests run: [0;1;32m5[m, Failures: 0, Errors: 0, Skipped: 0, Time elapsed: 5.377 s - in org.apache.flink.orc.[1mOrcTableSourceTest[m
[[1;34mINFO[m] [1;32mTests run: [0;1;32m23[m, Failures: 0, Errors: 0, Skipped: 0, Time elapsed: 8.591 s - in org.apache.flink.orc.[1mOrcRowInputFormatTest[m
[[1;31mERROR[m] [1;31mTests [0;1mrun: [0;1m5[m, [1;31mFailures: [0;1;31m1[m, Errors: 0, Skipped: 0, Time elapsed: 10.444 s[1;31m <<< FAILURE![m - in org.apache.flink.orc.[1mOrcColumnarRowSplitReaderTest[m
[[1;31mERROR[m] testReadFileWithTypes(org.apache.flink.orc.OrcColumnarRowSplitReaderTest)  Time elapsed: 2.748 s  <<< FAILURE!
java.lang.AssertionError: expected:<2902-04-03T02:02:02.000002002> but was:<2902-04-03T01:02:02.000002002>
	at org.apache.flink.orc.OrcColumnarRowSplitReaderTest.testReadFileWithTypes(OrcColumnarRowSplitReaderTest.java:358)

[[1;34mINFO[m] 
[[1;34mINFO[m] Results:
[[1;34mINFO[m] 
[[1;31mERROR[m] [1;31mFailures: [m
[[1;31mERROR[m] [1;31m  OrcColumnarRowSplitReaderTest.testReadFileWithTypes:358 expected:<2902-04-03T02:02:02.000002002> but was:<2902-04-03T01:02:02.000002002>[m
[[1;34mINFO[m] 
[[1;31mERROR[m] [1;31mTests run: 36, Failures: 1, Errors: 0, Skipped: 0[m
[[1;34mINFO[m] 
[[1;34mINFO[m] [1m------------------------------------------------------------------------[m
[[1;34mINFO[m] [1mReactor Summary for flink-formats 1.10-SNAPSHOT:[m
[[1;34mINFO[m] 
[[1;34mINFO[m] flink-formats ...................................... [1;32mSUCCESS[m [  2.503 s]
[[1;34mINFO[m] flink-orc .......................................... [1;31mFAILURE[m [ 17.303 s]
[[1;34mINFO[m] [1m------------------------------------------------------------------------[m
[[1;34mINFO[m] [1;31mBUILD FAILURE[m
[[1;34mINFO[m] [1m------------------------------------------------------------------------[m
[[1;34mINFO[m] Total time:  21.243 s
[[1;34mINFO[m] Finished at: 2025-05-08T15:40:18+01:00
[[1;34mINFO[m] [1m------------------------------------------------------------------------[m
[[1;31mERROR[m] Failed to execute goal [32morg.apache.maven.plugins:maven-surefire-plugin:2.22.1:test[m [1m(default-test)[m on project [36mflink-orc_2.11[m: [1;31mThere are test failures.[m
[[1;31mERROR[m] [1;31m[m
[[1;31mERROR[m] [1;31mPlease refer to /home/carol/Desktop/benchmark/bugs-dot-jar/flink/flink-formats/flink-orc/target/surefire-reports for the individual test results.[m
[[1;31mERROR[m] [1;31mPlease refer to dump files (if any exist) [date].dump, [date]-jvmRun[N].dump and [date].dumpstream.[m
[[1;31mERROR[m] -> [1m[Help 1][m
[[1;31mERROR[m] 
[[1;31mERROR[m] To see the full stack trace of the errors, re-run Maven with the [1m-e[m switch.
[[1;31mERROR[m] Re-run Maven using the [1m-X[m switch to enable full debug logging.
[[1;31mERROR[m] 
[[1;31mERROR[m] For more information about the errors and possible solutions, please read the following articles:
[[1;31mERROR[m] [1m[Help 1][m http://cwiki.apache.org/confluence/display/MAVEN/MojoFailureException
[[1;31mERROR[m] 
[[1;31mERROR[m] After correcting the problems, you can resume the build with the command
[[1;31mERROR[m]   [1mmvn <args> -rf :flink-orc_2.11[m
